<?xml version="1.0" encoding="UTF-8"?>
<!-- Generated by org.testng.reporters.JUnitReportReporter -->
<testsuite hostname="G1L5CG1448W14" failures="0" tests="1" name="com.eq.runner.RunnerTest" time="0.145" errors="1" timestamp="2025-09-18T20:07:55 IST" skipped="0">
  <testcase classname="com.eq.runner.RunnerTest" name="runScenario" time="0.145">
    <error message="The step &#039;User have browser with github home page&#039; is undefined.
You can implement this step using the snippet(s) below:

@Given(&quot;User have browser with github home page&quot;)
public void user_have_browser_with_github_home_page() {
    // Write code here that turns the phrase above into concrete actions
    throw new io.cucumber.java.PendingException();
}
" type="io.cucumber.testng.UndefinedStepException">
      <![CDATA[io.cucumber.testng.UndefinedStepException: The step 'User have browser with github home page' is undefined.
You can implement this step using the snippet(s) below:

@Given("User have browser with github home page")
public void user_have_browser_with_github_home_page() {
    // Write code here that turns the phrase above into concrete actions
    throw new io.cucumber.java.PendingException();
}

at âœ½.User have browser with github home page(file:///C:/Users/ansarim/eclipse-workspace/BBDFramework/src/test/resources/feature/SignUp.feature:9)
]]>
    </error>
  </testcase> <!-- runScenario -->
</testsuite> <!-- com.eq.runner.RunnerTest -->
